<?xml version="1.0" encoding="UTF-8"?>
<!-- Generated by org.testng.reporters.JUnitXMLReporter -->
<testsuite ignored="0" hostname="Aniruddha" failures="0" tests="4" name="Default test" time="212.117" errors="0" timestamp="25 Nov 2020 08:21:06 GMT">
  <testcase classname="com.elearning.testCases.BaseClass" name="loginTest" time="15.509"/>
  <testcase classname="com.elearning.testCases.BaseClass" name="ELTC_031" time="76.24"/>
  <testcase classname="com.elearning.testCases.BaseClass" name="ELTC_032" time="38.085"/>
  <testcase classname="com.elearning.testCases.BaseClass" name="ELTC_033" time="20.243"/>
</testsuite> <!-- Default test -->
