<?xml version="1.0" encoding="UTF-8"?>
<!-- Generated by org.testng.reporters.JUnitXMLReporter -->
<testsuite ignored="0" hostname="Aniruddha" failures="0" tests="4" name="ElearningApp Test" time="158.958" errors="0" timestamp="25 Nov 2020 08:27:32 GMT">
  <testcase classname="com.elearning.testCases.BaseClass" name="loginTest" time="7.671"/>
  <testcase classname="com.elearning.testCases.BaseClass" name="ELTC_031" time="57.582"/>
  <testcase classname="com.elearning.testCases.BaseClass" name="ELTC_032" time="35.687"/>
  <testcase classname="com.elearning.testCases.BaseClass" name="ELTC_033" time="16.636"/>
</testsuite> <!-- ElearningApp Test -->
